<?xml version="1.0" encoding="UTF-8"?>
<!-- Generated by org.testng.reporters.JUnitReportReporter -->
<testsuite hostname="Ragavi" failures="0" tests="2" name="testNG.DataProviderEg1" time="0.023" errors="0" timestamp="2024-07-10T15:07:10 IST" skipped="0">
  <testcase classname="testNG.DataProviderEg1" name="printData" time="0.014"/>
  <system-out/>
  <testcase classname="testNG.DataProviderEg1" name="printData" time="0.009"/>
  <system-out/>
</testsuite> <!-- testNG.DataProviderEg1 -->
