<?xml version="1.0" encoding="UTF-8"?>
<!-- Generated by org.testng.reporters.JUnitReportReporter -->
<testsuite hostname="Ragavi" failures="0" tests="1" name="vTigerScripts.Script1_LoginApplication_Test" time="49.623" errors="0" timestamp="2024-07-09T14:48:25 IST" skipped="0">
  <testcase classname="vTigerScripts.Script1_LoginApplication_Test" name="script1" time="49.623"/>
  <system-out/>
</testsuite> <!-- vTigerScripts.Script1_LoginApplication_Test -->
