<?xml version="1.0" encoding="UTF-8"?>
<!-- Generated by org.testng.reporters.JUnitReportReporter -->
<testsuite hostname="Ragavi" failures="0" tests="1" name="vTigerScripts.Script2_CreateOrganization_Test" time="27.153" errors="0" timestamp="2024-07-11T14:58:05 IST" skipped="0">
  <testcase classname="vTigerScripts.Script2_CreateOrganization_Test" name="createOrganization" time="27.153"/>
  <system-out/>
</testsuite> <!-- vTigerScripts.Script2_CreateOrganization_Test -->
