<?xml version="1.0" encoding="UTF-8"?>
<!-- Generated by org.testng.reporters.JUnitReportReporter -->
<testsuite hostname="Ragavi" failures="0" tests="3" name="testNG.helperAttributes.A3_ThreadPoolSize" time="30.535" errors="0" timestamp="2024-07-02T15:08:05 IST" skipped="0">
  <testcase classname="testNG.helperAttributes.A3_ThreadPoolSize" name="launch" time="12.326"/>
  <system-out/>
  <testcase classname="testNG.helperAttributes.A3_ThreadPoolSize" name="launch" time="8.012"/>
  <system-out/>
  <testcase classname="testNG.helperAttributes.A3_ThreadPoolSize" name="launch" time="10.197"/>
  <system-out/>
</testsuite> <!-- testNG.helperAttributes.A3_ThreadPoolSize -->
