<?xml version="1.0" encoding="UTF-8"?>
<!-- Generated by org.testng.reporters.JUnitReportReporter -->
<testsuite hostname="Ragavi" failures="0" tests="3" name="testNG.CrossBrowserTesting" time="15.377" errors="0" timestamp="2024-07-08T15:45:04 IST" skipped="0">
  <testcase classname="testNG.CrossBrowserTesting" name="launchBrowser" time="3.526"/>
  <system-out/>
  <testcase classname="testNG.CrossBrowserTesting" name="launchBrowser" time="7.231"/>
  <system-out/>
  <testcase classname="testNG.CrossBrowserTesting" name="launchBrowser" time="4.620"/>
  <system-out/>
</testsuite> <!-- testNG.CrossBrowserTesting -->
