<?xml version="1.0" encoding="UTF-8"?>
<!-- Generated by org.testng.reporters.JUnitReportReporter -->
<testsuite hostname="Ragavi" failures="0" tests="2" name="testNG.helperAttributes.A4_Enabled" time="16.678" errors="0" timestamp="2024-07-02T15:31:45 IST" skipped="1">
  <testcase classname="testNG.helperAttributes.A4_Enabled" name="launchApp2" time="16.678"/>
  <system-out/>
  <testcase classname="testNG.helperAttributes.A4_Enabled" name="launchApp1">
    <skipped/>
  </testcase> <!-- launchApp1 -->
  <system-out/>
</testsuite> <!-- testNG.helperAttributes.A4_Enabled -->
