<?xml version="1.0" encoding="UTF-8"?>
<!-- Generated by org.testng.reporters.JUnitReportReporter -->
<testsuite hostname="Ragavi" failures="0" tests="1" name="vTigerScripts.Script4_CreateContacts_Test" time="32.237" errors="0" timestamp="2024-07-13T15:16:43 IST" skipped="0">
  <testcase classname="vTigerScripts.Script4_CreateContacts_Test" name="script4_createContacts" time="32.237"/>
  <system-out>
    <![CDATA[script4_createContacts Execution Started
script4_createContacts Passed]]>
  </system-out>
</testsuite> <!-- vTigerScripts.Script4_CreateContacts_Test -->
