<?xml version="1.0" encoding="UTF-8"?>
<!-- Generated by org.testng.reporters.JUnitReportReporter -->
<testsuite hostname="Ragavi" failures="0" tests="1" name="vTigerScripts.Script3_CreateOrganizationWithIndustryType_Test" time="23.759" errors="0" timestamp="2024-07-11T15:28:04 IST" skipped="0">
  <testcase classname="vTigerScripts.Script3_CreateOrganizationWithIndustryType_Test" name="createOrganizationWithIndustryType" time="23.759"/>
  <system-out/>
</testsuite> <!-- vTigerScripts.Script3_CreateOrganizationWithIndustryType_Test -->
