<?xml version="1.0" encoding="UTF-8"?>
<!-- Generated by org.testng.reporters.JUnitReportReporter -->
<testsuite hostname="Ragavi" failures="0" tests="3" name="testNG.helperAttributes.A5_DependsOnMethod" time="0.016" errors="0" timestamp="2024-07-02T15:46:53 IST" skipped="0">
  <testcase classname="testNG.helperAttributes.A5_DependsOnMethod" name="logout" time="0.002"/>
  <system-out>
    <![CDATA[Logout Application]]>
  </system-out>
  <testcase classname="testNG.helperAttributes.A5_DependsOnMethod" name="login" time="0.012"/>
  <system-out>
    <![CDATA[Login Application]]>
  </system-out>
  <testcase classname="testNG.helperAttributes.A5_DependsOnMethod" name="addToCart" time="0.002"/>
  <system-out>
    <![CDATA[Add the products to Cart]]>
  </system-out>
</testsuite> <!-- testNG.helperAttributes.A5_DependsOnMethod -->
