<?xml version="1.0" encoding="UTF-8"?>
<!-- Generated by org.testng.reporters.JUnitReportReporter -->
<testsuite hostname="Ragavi" failures="0" tests="3" name="testNG.helperAttributes.A1_Priority" time="0.033" errors="0" timestamp="2024-07-02T14:19:50 IST" skipped="0">
  <testcase classname="testNG.helperAttributes.A1_Priority" name="login" time="0.024"/>
  <system-out>
    <![CDATA[Login]]>
  </system-out>
  <testcase classname="testNG.helperAttributes.A1_Priority" name="testCase" time="0.007"/>
  <system-out>
    <![CDATA[Test cases]]>
  </system-out>
  <testcase classname="testNG.helperAttributes.A1_Priority" name="logout" time="0.002"/>
  <system-out>
    <![CDATA[Logout]]>
  </system-out>
</testsuite> <!-- testNG.helperAttributes.A1_Priority -->
