<?xml version="1.0" encoding="UTF-8"?>
<!-- Generated by org.testng.reporters.JUnitReportReporter -->
<testsuite hostname="Ragavi" failures="0" tests="5" name="testNG.helperAttributes.A2_InvocationCount" time="0.023" errors="0" timestamp="2024-07-02T14:39:18 IST" skipped="0">
  <testcase classname="testNG.helperAttributes.A2_InvocationCount" name="demo" time="0.009"/>
  <system-out/>
  <testcase classname="testNG.helperAttributes.A2_InvocationCount" name="demo" time="0.003"/>
  <system-out/>
  <testcase classname="testNG.helperAttributes.A2_InvocationCount" name="demo" time="0.008"/>
  <system-out/>
  <testcase classname="testNG.helperAttributes.A2_InvocationCount" name="demo" time="0.002"/>
  <system-out/>
  <testcase classname="testNG.helperAttributes.A2_InvocationCount" name="demo" time="0.001"/>
  <system-out/>
</testsuite> <!-- testNG.helperAttributes.A2_InvocationCount -->
