<?xml version="1.0" encoding="UTF-8"?>
<!-- Generated by org.testng.reporters.JUnitReportReporter -->
<testsuite hostname="Ragavi" failures="0" tests="1" name="vTigerScripts.Script5_CreateCampaigns_Test" time="32.897" errors="0" timestamp="2024-07-09T14:48:25 IST" skipped="0">
  <testcase classname="vTigerScripts.Script5_CreateCampaigns_Test" name="createCampaigns" time="32.897"/>
  <system-out/>
</testsuite> <!-- vTigerScripts.Script5_CreateCampaigns_Test -->
