<?xml version="1.0" encoding="UTF-8"?>
<!-- Generated by org.testng.reporters.JUnitReportReporter -->
<testsuite hostname="Ragavi" failures="0" tests="1" name="testNG.Script1_LoginApplication" time="4.630" errors="0" timestamp="2024-07-01T14:57:43 IST" skipped="0">
  <testcase classname="testNG.Script1_LoginApplication" name="launch" time="4.630"/>
  <system-out>
    <![CDATA[Launch with TestNG]]>
  </system-out>
</testsuite> <!-- testNG.Script1_LoginApplication -->
