<?xml version="1.0" encoding="UTF-8"?>
<!-- Generated by org.testng.reporters.JUnitReportReporter -->
<testsuite hostname="Ragavi" failures="0" tests="4" name="testNG.DataProviderEg2" time="73.041" errors="0" timestamp="2024-07-10T15:05:29 IST" skipped="0">
  <testcase classname="testNG.DataProviderEg2" name="organization" time="18.919"/>
  <system-out/>
  <testcase classname="testNG.DataProviderEg2" name="organization" time="18.445"/>
  <system-out/>
  <testcase classname="testNG.DataProviderEg2" name="organization" time="17.406"/>
  <system-out/>
  <testcase classname="testNG.DataProviderEg2" name="organization" time="18.271"/>
  <system-out/>
</testsuite> <!-- testNG.DataProviderEg2 -->
